<?xml version="1.0" encoding="UTF-8"?>
<testsuite xmlns:xsi="http://www.w3.org/2001/XMLSchema-instance" xsi:noNamespaceSchemaLocation="https://maven.apache.org/surefire/maven-surefire-plugin/xsd/surefire-test-report.xsd" version="3.0.2" name="demo.CalculatorTest" time="0.087" tests="3" errors="0" skipped="0" failures="0" flakes="0">
  <properties>
[...]
</properties>
  <testcase name="divide_byZero_shouldThrow" classname="demo.CalculatorTest" time="0.047"/>
  <testcase name="divide_shouldReturnQuotient" classname="demo.CalculatorTest" time="0.004"/>
  <testcase name="add_shouldReturnSum" classname="demo.CalculatorTest" time="0.002"/>
</testsuite>